<?xml version="1.0" encoding="UTF-8"?>
<robot generator="Robot 3.1.2 (Python 3.8.1 on win32)" generated="20200306 09:34:47.596" rpa="false">
<suite id="s1" name="Tests" source="C:\Users\cristian.diaconu\PycharmProjects\RF Practice\tests">
<suite id="s1-s1" name="Test" source="C:\Users\cristian.diaconu\PycharmProjects\RF Practice\tests\Test.robot">
<test id="s1-s1-t1" name="&quot;Team&quot; Page should match requirements">
<kw name="Begin Web Test" library="Common" type="setup">
<kw name="Open Browser" library="SeleniumLibrary">
<doc>Opens a new browser instance to the given ``url``.</doc>
<arguments>
<arg>about:blank</arg>
<arg>${BROWSER}</arg>
</arguments>
<msg timestamp="20200306 09:34:47.806" level="INFO">Opening browser 'firefox' to base url 'about:blank'.</msg>
<status status="PASS" starttime="20200306 09:34:47.806" endtime="20200306 09:34:53.810"></status>
</kw>
<kw name="Maximize Browser Window" library="SeleniumLibrary">
<doc>Maximizes current browser window.</doc>
<status status="PASS" starttime="20200306 09:34:53.810" endtime="20200306 09:34:54.084"></status>
</kw>
<status status="PASS" starttime="20200306 09:34:47.806" endtime="20200306 09:34:54.084"></status>
</kw>
<kw name="Go to HomePage" library="FrontOffice">
<kw name="Navigate to" library="HomePage">
<kw name="Go To" library="SeleniumLibrary">
<doc>Navigates the active browser instance to the provided ``url``.</doc>
<arguments>
<arg>${URL}</arg>
</arguments>
<msg timestamp="20200306 09:34:54.086" level="INFO">Opening url 'http://www.robotframeworktutorial.com/front-office'</msg>
<status status="PASS" starttime="20200306 09:34:54.086" endtime="20200306 09:34:56.797"></status>
</kw>
<kw name="Maximize Browser Window" library="SeleniumLibrary">
<doc>Maximizes current browser window.</doc>
<status status="PASS" starttime="20200306 09:34:56.797" endtime="20200306 09:34:56.809"></status>
</kw>
<status status="PASS" starttime="20200306 09:34:54.086" endtime="20200306 09:34:56.809"></status>
</kw>
<kw name="Verify Page Loaded" library="HomePage">
<kw name="Wait Until Page Contains Element" library="SeleniumLibrary">
<doc>Waits until element ``locator`` appears on current page.</doc>
<arguments>
<arg>${HOME_PAGE_TEXT}</arg>
</arguments>
<status status="PASS" starttime="20200306 09:34:56.810" endtime="20200306 09:34:56.828"></status>
</kw>
<status status="PASS" starttime="20200306 09:34:56.809" endtime="20200306 09:34:56.828"></status>
</kw>
<status status="PASS" starttime="20200306 09:34:54.086" endtime="20200306 09:34:56.829"></status>
</kw>
<kw name="Go to &quot;Team&quot; Page" library="FrontOffice">
<kw name="Select &quot;Team&quot; Page" library="TopNav">
<kw name="Click Element" library="SeleniumLibrary">
<doc>Click element identified by ``locator``.</doc>
<arguments>
<arg>${TOP_NAV_TEAM_LINK}</arg>
</arguments>
<msg timestamp="20200306 09:34:56.831" level="INFO">Clicking element 'xpath=//*[@id="bs-example-navbar-collapse-1"]/ul/li[5]/a'.</msg>
<status status="PASS" starttime="20200306 09:34:56.831" endtime="20200306 09:34:57.101"></status>
</kw>
<kw name="Sleep" library="BuiltIn">
<doc>Pauses the test executed for the given time.</doc>
<arguments>
<arg>3s</arg>
</arguments>
<msg timestamp="20200306 09:35:00.103" level="INFO">Slept 3 seconds</msg>
<status status="PASS" starttime="20200306 09:34:57.101" endtime="20200306 09:35:00.103"></status>
</kw>
<status status="PASS" starttime="20200306 09:34:56.830" endtime="20200306 09:35:00.103"></status>
</kw>
<kw name="Verify Page Loaded" library="TeamPage">
<kw name="Wait Until Page Contains Element" library="SeleniumLibrary">
<doc>Waits until element ``locator`` appears on current page.</doc>
<arguments>
<arg>${TEAM_PAGE_TEXT}</arg>
</arguments>
<status status="PASS" starttime="20200306 09:35:00.105" endtime="20200306 09:35:00.135"></status>
</kw>
<status status="PASS" starttime="20200306 09:35:00.105" endtime="20200306 09:35:00.135"></status>
</kw>
<status status="PASS" starttime="20200306 09:34:56.830" endtime="20200306 09:35:00.136"></status>
</kw>
<kw name="Validate &quot;Team&quot; Page" library="FrontOffice">
<kw name="Validate Page Contents" library="TeamPage">
<kw name="Get Text" library="SeleniumLibrary">
<doc>Returns the text value of element identified by ``locator``.</doc>
<arguments>
<arg>${TEAM_PAGE_TEXT}</arg>
</arguments>
<assign>
<var>${ElementText}</var>
</assign>
<msg timestamp="20200306 09:35:00.226" level="INFO">${ElementText} = OUR AMAZING TEAM</msg>
<status status="PASS" starttime="20200306 09:35:00.140" endtime="20200306 09:35:00.226"></status>
</kw>
<kw name="Should Be Equal As Strings" library="BuiltIn">
<doc>Fails if objects are unequal after converting them to strings.</doc>
<arguments>
<arg>${ElementText}</arg>
<arg>Our Amazing Team</arg>
<arg>ignore_case=true</arg>
</arguments>
<status status="PASS" starttime="20200306 09:35:00.226" endtime="20200306 09:35:00.227"></status>
</kw>
<status status="PASS" starttime="20200306 09:35:00.139" endtime="20200306 09:35:00.227"></status>
</kw>
<status status="PASS" starttime="20200306 09:35:00.137" endtime="20200306 09:35:00.227"></status>
</kw>
<kw name="End Web Test" library="Common" type="teardown">
<kw name="Close Browser" library="SeleniumLibrary">
<doc>Closes the current browser.</doc>
<status status="PASS" starttime="20200306 09:35:00.228" endtime="20200306 09:35:01.354"></status>
</kw>
<status status="PASS" starttime="20200306 09:35:00.228" endtime="20200306 09:35:01.354"></status>
</kw>
<tags>
<tag>test2</tag>
</tags>
<status status="PASS" starttime="20200306 09:34:47.806" endtime="20200306 09:35:01.355" critical="yes"></status>
</test>
<doc>Suite description</doc>
<status status="PASS" starttime="20200306 09:34:47.624" endtime="20200306 09:35:01.357"></status>
</suite>
<status status="PASS" starttime="20200306 09:34:47.597" endtime="20200306 09:35:01.359"></status>
</suite>
<statistics>
<total>
<stat pass="1" fail="0">Critical Tests</stat>
<stat pass="1" fail="0">All Tests</stat>
</total>
<tag>
<stat pass="1" fail="0">test2</stat>
</tag>
<suite>
<stat pass="1" fail="0" id="s1" name="Tests">Tests</stat>
<stat pass="1" fail="0" id="s1-s1" name="Test">Tests.Test</stat>
</suite>
</statistics>
<errors>
</errors>
</robot>
